[14:26:33] [ServerMain/INFO]: [bootstrap] Running Java 21 (OpenJDK 64-Bit Server VM 21.0.8+9-Ubuntu-0ubuntu124.04.1; Ubuntu null) on Linux 6.8.0-1030-azure (amd64)
[14:26:33] [ServerMain/INFO]: [bootstrap] Loading Paper 1.21.8-6-main@782ce95 (2025-07-18T20:26:58Z) for Minecraft 1.21.8
[14:26:33] [ServerMain/INFO]: [PluginInitializerManager] Initializing plugins...
[14:26:33] [ServerMain/INFO]: [PluginInitializerManager] Initialized 0 plugins
[14:26:34] [Paper Plugin Remapper Thread - 0/INFO]: [ReobfServer] Remapping server...
[14:26:40] [ServerMain/INFO]: Environment: Environment[sessionHost=https://sessionserver.mojang.com, servicesHost=https://api.minecraftservices.com, name=PROD]
[14:26:41] [ServerMain/INFO]: Found new data pack file/bukkit, loading it automatically
[14:26:41] [ServerMain/INFO]: Found new data pack paper, loading it automatically
[14:26:42] [ServerMain/INFO]: No existing world data, creating new world
[14:26:42] [Paper Plugin Remapper Thread - 0/INFO]: [ReobfServer] Done remapping server in 8330ms.
[14:26:43] [ServerMain/INFO]: Loaded 1407 recipes
[14:26:43] [ServerMain/INFO]: Loaded 1520 advancements
[14:26:43] [ServerMain/INFO]: [ca.spottedleaf.dataconverter.minecraft.datatypes.MCTypeRegistry] Initialising converters for DataConverter...
[14:26:43] [ServerMain/INFO]: [ca.spottedleaf.dataconverter.minecraft.datatypes.MCTypeRegistry] Finished initialising converters for DataConverter in 509.2ms
[14:26:44] [Server thread/INFO]: Starting minecraft server version 1.21.8
[14:26:44] [Server thread/INFO]: Loading properties
[14:26:44] [Server thread/INFO]: This server is running Paper version 1.21.8-6-main@782ce95 (2025-07-18T20:26:58Z) (Implementing API version 1.21.8-R0.1-SNAPSHOT)
[14:26:44] [Server thread/INFO]: [spark] This server bundles the spark profiler. For more information please visit https://docs.papermc.io/paper/profiling
[14:26:44] [Server thread/INFO]: Server Ping Player Sample Count: 12
[14:26:44] [Server thread/INFO]: Using 4 threads for Netty based IO
[14:26:44] [Server thread/INFO]: [MoonriseCommon] Paper is using 1 worker threads, 1 I/O threads
[14:26:44] [Server thread/INFO]: [ChunkTaskScheduler] Chunk system is using population gen parallelism: true
[14:26:45] [Server thread/INFO]: Default game type: SURVIVAL
[14:26:45] [Server thread/INFO]: Generating keypair
[14:26:45] [Server thread/INFO]: Starting Minecraft server on *:25565
[14:26:45] [Server thread/INFO]: Using epoll channel type
[14:26:45] [Server thread/INFO]: Paper: Using libdeflate (Linux x86_64) compression from Velocity.
[14:26:45] [Server thread/INFO]: Paper: Using OpenSSL 3.x.x (Linux x86_64) cipher from Velocity.
[14:26:45] [Server thread/WARN]: **** SERVER IS RUNNING IN OFFLINE/INSECURE MODE!
[14:26:45] [Server thread/WARN]: The server will make no attempt to authenticate usernames. Beware.
[14:26:45] [Server thread/WARN]: While this makes the game possible to play without internet access, it also opens up the ability for hackers to connect with any username they choose.
[14:26:45] [Server thread/WARN]: To change this, set "online-mode" to "true" in the server.properties file.
[14:26:45] [Server thread/INFO]: Preparing level "world"
[14:26:55] [Server thread/INFO]: Preparing start region for dimension minecraft:overworld
[14:26:55] [Server thread/INFO]: Preparing spawn area: 2%
[14:26:55] [Server thread/INFO]: Preparing spawn area: 2%
[14:26:56] [Server thread/INFO]: Preparing spawn area: 2%
[14:26:57] [Server thread/INFO]: Preparing spawn area: 2%
[14:26:57] [Server thread/INFO]: Preparing spawn area: 8%
[14:26:57] [Server thread/INFO]: Preparing spawn area: 18%
[14:26:58] [Server thread/INFO]: Preparing spawn area: 18%
[14:26:58] [Server thread/INFO]: Preparing spawn area: 18%
[14:26:59] [Server thread/INFO]: Preparing spawn area: 28%
[14:26:59] [Server thread/INFO]: Preparing spawn area: 51%
[14:27:00] [Server thread/INFO]: Preparing spawn area: 51%
[14:27:00] [Server thread/INFO]: Preparing spawn area: 55%
[14:27:01] [Server thread/INFO]: Preparing spawn area: 55%
[14:27:01] [Server thread/INFO]: Time elapsed: 6247 ms
[14:27:01] [Server thread/INFO]: Preparing start region for dimension minecraft:the_nether
[14:27:01] [Server thread/INFO]: Preparing spawn area: 2%
[14:27:02] [Server thread/INFO]: Preparing spawn area: 4%
[14:27:02] [Server thread/INFO]: Preparing spawn area: 24%
[14:27:03] [Server thread/INFO]: Preparing spawn area: 61%
[14:27:03] [Server thread/INFO]: Time elapsed: 1838 ms
[14:27:03] [Server thread/INFO]: Preparing start region for dimension minecraft:the_end
[14:27:03] [Server thread/INFO]: Preparing spawn area: 2%
[14:27:03] [Server thread/INFO]: Time elapsed: 427 ms
[14:27:04] [Server thread/INFO]: [spark] Starting background profiler...
[14:27:04] [Server thread/INFO]: Done preparing level "world" (19.037s)
[14:27:04] [Server thread/INFO]: Running delayed init tasks
[14:27:04] [Server thread/INFO]: Done (32.254s)! For help, type "help"
[14:27:04] [Server thread/INFO]: *************************************************************************************
[14:27:04] [Server thread/INFO]: This is the first time you're starting this server.
[14:27:04] [Server thread/INFO]: It's recommended you read our 'Getting Started' documentation for guidance.
[14:27:04] [Server thread/INFO]: View this and more helpful information here: https://docs.papermc.io/paper/next-steps
[14:27:04] [Server thread/INFO]: *************************************************************************************
[14:27:04] [Server thread/INFO]: Unknown or incomplete command, see below for error
home/codespace/.python/current/bin/python /workspaces/Borja-and-me/msx.py<--[HERE]
[14:27:59] [Server thread/INFO]: Stopping server
[14:27:59] [Server thread/INFO]: Saving players
[14:27:59] [Server thread/INFO]: Saving worlds
[14:27:59] [Server thread/INFO]: Saving chunks for level 'ServerLevel[world]'/minecraft:overworld
[14:27:59] [Server thread/INFO]: [ChunkHolderManager] Waiting 60s for chunk system to halt for world 'world'
[14:27:59] [Server thread/INFO]: [ChunkHolderManager] Halted chunk system for world 'world'
[14:27:59] [Server thread/INFO]: [ChunkHolderManager] Saving all chunkholders for world 'world'
[14:28:00] [Server thread/INFO]: [ChunkHolderManager] Saved 841 block chunks, 49 entity chunks, 1 poi chunks in world 'world' in 1.09s
[14:28:00] [Server thread/INFO]: [ChunkHolderManager] Waiting 60s for chunk I/O to halt for world 'world'
[14:28:00] [Server thread/INFO]: [ChunkHolderManager] Halted I/O scheduler for world 'world'
[14:28:00] [Server thread/INFO]: Saving chunks for level 'ServerLevel[world_nether]'/minecraft:the_nether
[14:28:00] [Server thread/INFO]: [ChunkHolderManager] Waiting 60s for chunk system to halt for world 'world_nether'
[14:28:00] [Server thread/INFO]: [ChunkHolderManager] Halted chunk system for world 'world_nether'
[14:28:00] [Server thread/INFO]: [ChunkHolderManager] Saving all chunkholders for world 'world_nether'
[14:28:01] [Server thread/INFO]: [ChunkHolderManager] Saved 841 block chunks, 49 entity chunks, 0 poi chunks in world 'world_nether' in 0.38s
[14:28:01] [Server thread/INFO]: [ChunkHolderManager] Waiting 60s for chunk I/O to halt for world 'world_nether'
[14:28:01] [Server thread/INFO]: [ChunkHolderManager] Halted I/O scheduler for world 'world_nether'
[14:28:01] [Server thread/INFO]: Saving chunks for level 'ServerLevel[world_the_end]'/minecraft:the_end
[14:28:01] [Server thread/INFO]: [ChunkHolderManager] Waiting 60s for chunk system to halt for world 'world_the_end'
[14:28:01] [Server thread/INFO]: [ChunkHolderManager] Halted chunk system for world 'world_the_end'
[14:28:01] [Server thread/INFO]: [ChunkHolderManager] Saving all chunkholders for world 'world_the_end'
[14:28:01] [Server thread/INFO]: [ChunkHolderManager] Saved 841 block chunks, 49 entity chunks, 0 poi chunks in world 'world_the_end' in 0.32s
[14:28:01] [Server thread/INFO]: [ChunkHolderManager] Waiting 60s for chunk I/O to halt for world 'world_the_end'
[14:28:01] [Server thread/INFO]: [ChunkHolderManager] Halted I/O scheduler for world 'world_the_end'
[14:28:01] [Server thread/INFO]: ThreadedAnvilChunkStorage (world): All chunks are saved
[14:28:01] [Server thread/INFO]: ThreadedAnvilChunkStorage (DIM-1): All chunks are saved
[14:28:01] [Server thread/INFO]: ThreadedAnvilChunkStorage (DIM1): All chunks are saved
[14:28:01] [Server thread/INFO]: ThreadedAnvilChunkStorage: All dimensions are saved
[14:28:01] [Server thread/INFO]: Waiting for all RegionFile I/O tasks to complete...
[14:28:01] [Server thread/INFO]: All RegionFile I/O tasks to complete
[14:28:01] [Server thread/INFO]: [MoonriseCommon] Awaiting termination of worker pool for up to 60s...
[14:28:01] [Server thread/INFO]: [MoonriseCommon] Awaiting termination of I/O pool for up to 60s...
